Determining if the pthread_create exist failed with the following output:
Change Dir: /udacity/System_Integration_Submission_TeamThinkLikeCar/ros/build/CMakeFiles/CMakeTmp

Run Build Command:"/usr/bin/make" "cmTC_32dce/fast"
/usr/bin/make -f CMakeFiles/cmTC_32dce.dir/build.make CMakeFiles/cmTC_32dce.dir/build
make[1]: Entering directory '/udacity/System_Integration_Submission_TeamThinkLikeCar/ros/build/CMakeFiles/CMakeTmp'
Building C object CMakeFiles/cmTC_32dce.dir/CheckSymbolExists.c.o
/usr/bin/cc     -o CMakeFiles/cmTC_32dce.dir/CheckSymbolExists.c.o   -c /udacity/System_Integration_Submission_TeamThinkLikeCar/ros/build/CMakeFiles/CMakeTmp/CheckSymbolExists.c
Linking C executable cmTC_32dce
/usr/bin/cmake -E cmake_link_script CMakeFiles/cmTC_32dce.dir/link.txt --verbose=1
/usr/bin/cc       CMakeFiles/cmTC_32dce.dir/CheckSymbolExists.c.o  -o cmTC_32dce -rdynamic 
CMakeFiles/cmTC_32dce.dir/CheckSymbolExists.c.o: In function `main':
CheckSymbolExists.c:(.text+0x16): undefined reference to `pthread_create'
collect2: error: ld returned 1 exit status
CMakeFiles/cmTC_32dce.dir/build.make:97: recipe for target 'cmTC_32dce' failed
make[1]: *** [cmTC_32dce] Error 1
make[1]: Leaving directory '/udacity/System_Integration_Submission_TeamThinkLikeCar/ros/build/CMakeFiles/CMakeTmp'
Makefile:126: recipe for target 'cmTC_32dce/fast' failed
make: *** [cmTC_32dce/fast] Error 2

File /udacity/System_Integration_Submission_TeamThinkLikeCar/ros/build/CMakeFiles/CMakeTmp/CheckSymbolExists.c:
/* */
#include <pthread.h>

int main(int argc, char** argv)
{
  (void)argv;
#ifndef pthread_create
  return ((int*)(&pthread_create))[argc];
#else
  (void)argc;
  return 0;
#endif
}

Determining if the function pthread_create exists in the pthreads failed with the following output:
Change Dir: /udacity/System_Integration_Submission_TeamThinkLikeCar/ros/build/CMakeFiles/CMakeTmp

Run Build Command:"/usr/bin/make" "cmTC_72640/fast"
/usr/bin/make -f CMakeFiles/cmTC_72640.dir/build.make CMakeFiles/cmTC_72640.dir/build
make[1]: Entering directory '/udacity/System_Integration_Submission_TeamThinkLikeCar/ros/build/CMakeFiles/CMakeTmp'
Building C object CMakeFiles/cmTC_72640.dir/CheckFunctionExists.c.o
/usr/bin/cc    -DCHECK_FUNCTION_EXISTS=pthread_create   -o CMakeFiles/cmTC_72640.dir/CheckFunctionExists.c.o   -c /usr/share/cmake-3.5/Modules/CheckFunctionExists.c
Linking C executable cmTC_72640
/usr/bin/cmake -E cmake_link_script CMakeFiles/cmTC_72640.dir/link.txt --verbose=1
/usr/bin/cc   -DCHECK_FUNCTION_EXISTS=pthread_create    CMakeFiles/cmTC_72640.dir/CheckFunctionExists.c.o  -o cmTC_72640 -rdynamic -lpthreads 
/usr/bin/ld: cannot find -lpthreads
collect2: error: ld returned 1 exit status
CMakeFiles/cmTC_72640.dir/build.make:97: recipe for target 'cmTC_72640' failed
make[1]: *** [cmTC_72640] Error 1
make[1]: Leaving directory '/udacity/System_Integration_Submission_TeamThinkLikeCar/ros/build/CMakeFiles/CMakeTmp'
Makefile:126: recipe for target 'cmTC_72640/fast' failed
make: *** [cmTC_72640/fast] Error 2


